<?xml version="1.0" encoding="UTF-8"?>
<testng-results ignored="0" total="1" passed="1" failed="0" skipped="0">
  <reporter-output>
  </reporter-output>
  <suite started-at="2021-08-09T12:39:46 IST" name="Default suite" finished-at="2021-08-09T12:39:59 IST" duration-ms="13259">
    <groups>
    </groups>
    <test started-at="2021-08-09T12:39:46 IST" name="Default test" finished-at="2021-08-09T12:39:59 IST" duration-ms="13259">
      <class name="com.comcast.crm.contactTest.CreateContactsTest">
        <test-method is-config="true" signature="configBS()[pri:0, instance:com.comcast.crm.contactTest.CreateContactsTest@16b2bb0c]" started-at="2021-08-09T12:39:45 IST" name="configBS" finished-at="2021-08-09T12:39:46 IST" duration-ms="165" status="PASS">
          <reporter-output>
          </reporter-output>
        </test-method> <!-- configBS -->
        <test-method is-config="true" signature="configBT()[pri:0, instance:com.comcast.crm.contactTest.CreateContactsTest@16b2bb0c]" started-at="2021-08-09T12:39:46 IST" name="configBT" finished-at="2021-08-09T12:39:46 IST" duration-ms="1" status="PASS">
          <reporter-output>
          </reporter-output>
        </test-method> <!-- configBT -->
        <test-method is-config="true" signature="configBC()[pri:0, instance:com.comcast.crm.contactTest.CreateContactsTest@16b2bb0c]" started-at="2021-08-09T12:39:46 IST" name="configBC" finished-at="2021-08-09T12:39:47 IST" duration-ms="1671" status="PASS">
          <reporter-output>
          </reporter-output>
        </test-method> <!-- configBC -->
        <test-method is-config="true" signature="configBM()[pri:0, instance:com.comcast.crm.contactTest.CreateContactsTest@16b2bb0c]" started-at="2021-08-09T12:39:47 IST" name="configBM" finished-at="2021-08-09T12:39:50 IST" duration-ms="2750" status="PASS">
          <reporter-output>
          </reporter-output>
        </test-method> <!-- configBM -->
        <test-method signature="createContactsTest()[pri:0, instance:com.comcast.crm.contactTest.CreateContactsTest@16b2bb0c]" started-at="2021-08-09T12:39:50 IST" name="createContactsTest" finished-at="2021-08-09T12:39:57 IST" duration-ms="7166" status="PASS">
          <reporter-output>
          </reporter-output>
        </test-method> <!-- createContactsTest -->
        <test-method is-config="true" signature="configAM()[pri:0, instance:com.comcast.crm.contactTest.CreateContactsTest@16b2bb0c]" started-at="2021-08-09T12:39:57 IST" name="configAM" finished-at="2021-08-09T12:39:58 IST" duration-ms="941" status="PASS">
          <reporter-output>
          </reporter-output>
        </test-method> <!-- configAM -->
        <test-method is-config="true" signature="configAC()[pri:0, instance:com.comcast.crm.contactTest.CreateContactsTest@16b2bb0c]" started-at="2021-08-09T12:39:58 IST" name="configAC" finished-at="2021-08-09T12:39:59 IST" duration-ms="617" status="PASS">
          <reporter-output>
          </reporter-output>
        </test-method> <!-- configAC -->
        <test-method is-config="true" signature="configAT()[pri:0, instance:com.comcast.crm.contactTest.CreateContactsTest@16b2bb0c]" started-at="2021-08-09T12:39:59 IST" name="configAT" finished-at="2021-08-09T12:39:59 IST" duration-ms="1" status="PASS">
          <reporter-output>
          </reporter-output>
        </test-method> <!-- configAT -->
        <test-method is-config="true" signature="configAS()[pri:0, instance:com.comcast.crm.contactTest.CreateContactsTest@16b2bb0c]" started-at="2021-08-09T12:39:59 IST" name="configAS" finished-at="2021-08-09T12:39:59 IST" duration-ms="4" status="PASS">
          <reporter-output>
          </reporter-output>
        </test-method> <!-- configAS -->
      </class> <!-- com.comcast.crm.contactTest.CreateContactsTest -->
    </test> <!-- Default test -->
  </suite> <!-- Default suite -->
</testng-results>
