<?xml version="1.0" encoding="UTF-8"?>
<testng-results ignored="0" total="1" passed="1" failed="0" skipped="0">
  <reporter-output>
  </reporter-output>
  <suite started-at="2021-08-17T17:28:08 IST" name="Default suite" finished-at="2021-08-17T17:28:33 IST" duration-ms="25344">
    <groups>
    </groups>
    <test started-at="2021-08-17T17:28:08 IST" name="Default test" finished-at="2021-08-17T17:28:33 IST" duration-ms="25344">
      <class name="com.comcast.crm.organizationtest.DeleteOrganizationTest">
        <test-method is-config="true" signature="configBS()[pri:0, instance:com.comcast.crm.organizationtest.DeleteOrganizationTest@16b2bb0c]" started-at="2021-08-17T17:28:08 IST" name="configBS" finished-at="2021-08-17T17:28:08 IST" duration-ms="303" status="PASS">
          <reporter-output>
          </reporter-output>
        </test-method> <!-- configBS -->
        <test-method is-config="true" signature="configBT()[pri:0, instance:com.comcast.crm.organizationtest.DeleteOrganizationTest@16b2bb0c]" started-at="2021-08-17T17:28:08 IST" name="configBT" finished-at="2021-08-17T17:28:08 IST" duration-ms="1" status="PASS">
          <reporter-output>
          </reporter-output>
        </test-method> <!-- configBT -->
        <test-method is-config="true" signature="configBC()[pri:0, instance:com.comcast.crm.organizationtest.DeleteOrganizationTest@16b2bb0c]" started-at="2021-08-17T17:28:08 IST" name="configBC" finished-at="2021-08-17T17:28:11 IST" duration-ms="2554" status="PASS">
          <reporter-output>
          </reporter-output>
        </test-method> <!-- configBC -->
        <test-method is-config="true" signature="configBM()[pri:0, instance:com.comcast.crm.organizationtest.DeleteOrganizationTest@16b2bb0c]" started-at="2021-08-17T17:28:11 IST" name="configBM" finished-at="2021-08-17T17:28:17 IST" duration-ms="6563" status="PASS">
          <reporter-output>
          </reporter-output>
        </test-method> <!-- configBM -->
        <test-method signature="deleteOrganisation()[pri:0, instance:com.comcast.crm.organizationtest.DeleteOrganizationTest@16b2bb0c]" started-at="2021-08-17T17:28:17 IST" name="deleteOrganisation" finished-at="2021-08-17T17:28:26 IST" duration-ms="8429" status="PASS">
          <reporter-output>
          </reporter-output>
        </test-method> <!-- deleteOrganisation -->
        <test-method is-config="true" signature="configAM()[pri:0, instance:com.comcast.crm.organizationtest.DeleteOrganizationTest@16b2bb0c]" started-at="2021-08-17T17:28:26 IST" name="configAM" finished-at="2021-08-17T17:28:33 IST" duration-ms="6823" status="PASS">
          <reporter-output>
          </reporter-output>
        </test-method> <!-- configAM -->
        <test-method is-config="true" signature="configAC()[pri:0, instance:com.comcast.crm.organizationtest.DeleteOrganizationTest@16b2bb0c]" started-at="2021-08-17T17:28:33 IST" name="configAC" finished-at="2021-08-17T17:28:33 IST" duration-ms="690" status="PASS">
          <reporter-output>
          </reporter-output>
        </test-method> <!-- configAC -->
        <test-method is-config="true" signature="configAT()[pri:0, instance:com.comcast.crm.organizationtest.DeleteOrganizationTest@16b2bb0c]" started-at="2021-08-17T17:28:33 IST" name="configAT" finished-at="2021-08-17T17:28:33 IST" duration-ms="1" status="PASS">
          <reporter-output>
          </reporter-output>
        </test-method> <!-- configAT -->
        <test-method is-config="true" signature="configAS()[pri:0, instance:com.comcast.crm.organizationtest.DeleteOrganizationTest@16b2bb0c]" started-at="2021-08-17T17:28:34 IST" name="configAS" finished-at="2021-08-17T17:28:34 IST" duration-ms="18" status="PASS">
          <reporter-output>
          </reporter-output>
        </test-method> <!-- configAS -->
      </class> <!-- com.comcast.crm.organizationtest.DeleteOrganizationTest -->
    </test> <!-- Default test -->
  </suite> <!-- Default suite -->
</testng-results>
